<?xml version="1.0" encoding="UTF-8"?>
<!-- Generated by org.testng.reporters.JUnitReportReporter -->
<testsuite skipped="0" hostname="SARAVANANR" name="com.saravanan.AriseMavenTestNg.TestNG001" tests="1" failures="0" timestamp="2021-09-23T17:16:00 IST" time="13.766" errors="0">
  <testcase name="TS001" time="13.766" classname="com.saravanan.AriseMavenTestNg.TestNG001"/>
  <system-out/>
</testsuite> <!-- com.saravanan.AriseMavenTestNg.TestNG001 -->
