<?xml version="1.0" encoding="UTF-8"?>
<!-- Generated by org.testng.reporters.JUnitReportReporter -->
<testsuite skipped="0" hostname="SARAVANANR" name="com.saravanan.AriseMavenTestNg.TestNG002" tests="1" failures="0" timestamp="2021-09-23T17:16:00 IST" time="9.854" errors="0">
  <testcase name="TS001" time="9.854" classname="com.saravanan.AriseMavenTestNg.TestNG002"/>
  <system-out/>
</testsuite> <!-- com.saravanan.AriseMavenTestNg.TestNG002 -->
